Arguments: 
  C:\Program Files\nodejs\node.exe C:\Program Files (x86)\Yarn\bin\yarn.js install

PATH: 
  C:\Program Files\Java\jre1.8.0_91\bin;C:\ProgramData\Oracle\Java\javapath;C:\Program Files\Java\jdk1.8.0_91\bin;C:\Windows\system32;C:\Windows;C:\Windows\System32\Wbem;C:\Windows\System32\WindowsPowerShell\v1.0\;C:\Program Files\Microsoft SQL Server\110\Tools\Binn\;C:\Program Files\dotnet\;C:\Program Files\Microsoft SQL Server\130\Tools\Binn\;C:\Program Files\TortoiseSVN\bin;C:\Program Files\TortoiseGit\bin;C:\Program Files\Git\cmd;C:\Program Files (x86)\Yarn\bin;C:\Windows\SysWOW64\Empirum;C:\Program Files\nodejs\;C:\Users\haetter\AppData\Local\Microsoft\WindowsApps;;C:\Program Files\Microsoft VS Code\bin;C:\Users\haetter\AppData\Local\Yarn\bin;C:\Program Files\Docker Toolbox;C:\Users\haetter\AppData\Roaming\npm

Yarn version: 
  1.3.2

Node version: 
  8.9.4

Platform: 
  win32 x64

npm manifest: 
  {
    "name": "ng5-material",
    "version": "0.0.0",
    "license": "MIT",
    "scripts": {
      "ng": "ng",
      "start": "ng serve",
      "build": "ng build --prod",
      "test": "ng test",
      "lint": "ng lint",
      "e2e": "ng e2e"
    },
    "private": true,
    "dependencies": {
      "@angular/animations": "^5.2.0",
      "@angular/common": "^5.2.0",
      "@angular/compiler": "^5.2.0",
      "@angular/core": "^5.2.0",
      "@angular/forms": "^5.2.0",
      "@angular/http": "^5.2.0",
      "@angular/platform-browser": "^5.2.0",
      "@angular/platform-browser-dynamic": "^5.2.0",
      "@angular/router": "^5.2.0",
      "core-js": "^2.4.1",
      "rxjs": "^5.5.6",
      "zone.js": "^0.8.19"
    },
    "devDependencies": {
      "@angular/cli": "1.6.6",
      "@angular/compiler-cli": "^5.2.0",
      "@angular/language-service": "^5.2.0",
      "@types/jasmine": "~2.8.3",
      "@types/jasminewd2": "~2.0.2",
      "@types/node": "~6.0.60",
      "codelyzer": "^4.0.1",
      "jasmine-core": "~2.8.0",
      "jasmine-spec-reporter": "~4.2.1",
      "karma": "~2.0.0",
      "karma-chrome-launcher": "~2.2.0",
      "karma-coverage-istanbul-reporter": "^1.2.1",
      "karma-jasmine": "~1.1.0",
      "karma-jasmine-html-reporter": "^0.2.2",
      "protractor": "~5.1.2",
      "ts-node": "~4.1.0",
      "tslint": "~5.9.1",
      "typescript": "~2.5.3"
    }
  }

yarn manifest: 
  No manifest

Lockfile: 
  No lockfile

Trace: 
  Error: connect ETIMEDOUT 104.16.60.173:443
      at Object._errnoException (util.js:1022:11)
      at _exceptionWithHostPort (util.js:1044:20)
      at TCPConnectWrap.afterConnect [as oncomplete] (net.js:1182:14)
